<?xml version="1.0" encoding="UTF-8"?>
<testng-results ignored="0" total="6" passed="6" failed="0" skipped="0">
  <reporter-output>
  </reporter-output>
  <suite started-at="2023-05-02T07:11:44 IST" name="SeleniumTests" finished-at="2023-05-02T07:12:20 IST" duration-ms="36269">
    <groups>
    </groups>
    <test started-at="2023-05-02T07:11:44 IST" name="HomeDTesting" finished-at="2023-05-02T07:11:50 IST" duration-ms="5990">
      <class name="EbookTest.HomeDetailTest">
        <test-method is-config="true" signature="setUpDriver()[pri:0, instance:EbookTest.HomeDetailTest@52e677af]" started-at="2023-05-02T07:11:44 IST" name="setUpDriver" finished-at="2023-05-02T07:11:45 IST" duration-ms="766" status="PASS">
          <reporter-output>
          </reporter-output>
        </test-method> <!-- setUpDriver -->
        <test-method signature="detailTest()[pri:0, instance:EbookTest.HomeDetailTest@52e677af]" started-at="2023-05-02T07:11:45 IST" name="detailTest" finished-at="2023-05-02T07:11:50 IST" duration-ms="5101" status="PASS">
          <reporter-output>
          </reporter-output>
        </test-method> <!-- detailTest -->
        <test-method is-config="true" signature="quitDriver()[pri:0, instance:EbookTest.HomeDetailTest@52e677af]" started-at="2023-05-02T07:11:50 IST" name="quitDriver" finished-at="2023-05-02T07:11:50 IST" duration-ms="94" status="PASS">
          <reporter-output>
          </reporter-output>
        </test-method> <!-- quitDriver -->
      </class> <!-- EbookTest.HomeDetailTest -->
    </test> <!-- HomeDTesting -->
    <test started-at="2023-05-02T07:11:50 IST" name="HomeCTesting" finished-at="2023-05-02T07:11:55 IST" duration-ms="5447">
      <class name="EbookTest.HomeCartTest">
        <test-method is-config="true" signature="setUpDriver()[pri:0, instance:EbookTest.HomeCartTest@f2f2cc1]" started-at="2023-05-02T07:11:50 IST" name="setUpDriver" finished-at="2023-05-02T07:11:50 IST" duration-ms="385" status="PASS">
          <reporter-output>
          </reporter-output>
        </test-method> <!-- setUpDriver -->
        <test-method signature="cartTest()[pri:0, instance:EbookTest.HomeCartTest@f2f2cc1]" started-at="2023-05-02T07:11:50 IST" name="cartTest" finished-at="2023-05-02T07:11:55 IST" duration-ms="4967" status="PASS">
          <reporter-output>
          </reporter-output>
        </test-method> <!-- cartTest -->
        <test-method is-config="true" signature="quitDriver()[pri:0, instance:EbookTest.HomeCartTest@f2f2cc1]" started-at="2023-05-02T07:11:55 IST" name="quitDriver" finished-at="2023-05-02T07:11:55 IST" duration-ms="94" status="PASS">
          <reporter-output>
          </reporter-output>
        </test-method> <!-- quitDriver -->
      </class> <!-- EbookTest.HomeCartTest -->
    </test> <!-- HomeCTesting -->
    <test started-at="2023-05-02T07:11:55 IST" name="RegisterTesting" finished-at="2023-05-02T07:12:01 IST" duration-ms="5909">
      <class name="EbookTest.RegisterTest">
        <test-method is-config="true" signature="setUpDriver()[pri:0, instance:EbookTest.RegisterTest@5ad851c9]" started-at="2023-05-02T07:11:55 IST" name="setUpDriver" finished-at="2023-05-02T07:11:56 IST" duration-ms="384" status="PASS">
          <reporter-output>
          </reporter-output>
        </test-method> <!-- setUpDriver -->
        <test-method signature="registerTest()[pri:0, instance:EbookTest.RegisterTest@5ad851c9]" started-at="2023-05-02T07:11:56 IST" name="registerTest" finished-at="2023-05-02T07:12:01 IST" duration-ms="5392" status="PASS">
          <reporter-output>
          </reporter-output>
        </test-method> <!-- registerTest -->
        <test-method is-config="true" signature="quitDriver()[pri:0, instance:EbookTest.RegisterTest@5ad851c9]" started-at="2023-05-02T07:12:01 IST" name="quitDriver" finished-at="2023-05-02T07:12:01 IST" duration-ms="131" status="PASS">
          <reporter-output>
          </reporter-output>
        </test-method> <!-- quitDriver -->
      </class> <!-- EbookTest.RegisterTest -->
    </test> <!-- RegisterTesting -->
    <test started-at="2023-05-02T07:12:01 IST" name="LoginUserTesting" finished-at="2023-05-02T07:12:08 IST" duration-ms="6600">
      <class name="EbookTest.LoginUserTest">
        <test-method is-config="true" signature="setUpDriver()[pri:0, instance:EbookTest.LoginUserTest@37e547da]" started-at="2023-05-02T07:12:01 IST" name="setUpDriver" finished-at="2023-05-02T07:12:02 IST" duration-ms="387" status="PASS">
          <reporter-output>
          </reporter-output>
        </test-method> <!-- setUpDriver -->
        <test-method signature="loginTest()[pri:0, instance:EbookTest.LoginUserTest@37e547da]" started-at="2023-05-02T07:12:02 IST" name="loginTest" finished-at="2023-05-02T07:12:08 IST" duration-ms="6129" status="PASS">
          <reporter-output>
          </reporter-output>
        </test-method> <!-- loginTest -->
        <test-method is-config="true" signature="quitDriver()[pri:0, instance:EbookTest.LoginUserTest@37e547da]" started-at="2023-05-02T07:12:08 IST" name="quitDriver" finished-at="2023-05-02T07:12:08 IST" duration-ms="84" status="PASS">
          <reporter-output>
          </reporter-output>
        </test-method> <!-- quitDriver -->
      </class> <!-- EbookTest.LoginUserTest -->
    </test> <!-- LoginUserTesting -->
    <test started-at="2023-05-02T07:12:08 IST" name="LoginAdminTesting" finished-at="2023-05-02T07:12:13 IST" duration-ms="5440">
      <class name="EbookTest.LoginAdminTest">
        <test-method is-config="true" signature="setUpDriver()[pri:0, instance:EbookTest.LoginAdminTest@6ab7a896]" started-at="2023-05-02T07:12:08 IST" name="setUpDriver" finished-at="2023-05-02T07:12:08 IST" duration-ms="321" status="PASS">
          <reporter-output>
          </reporter-output>
        </test-method> <!-- setUpDriver -->
        <test-method signature="adminlogTest()[pri:0, instance:EbookTest.LoginAdminTest@6ab7a896]" started-at="2023-05-02T07:12:08 IST" name="adminlogTest" finished-at="2023-05-02T07:12:13 IST" duration-ms="5014" status="PASS">
          <reporter-output>
          </reporter-output>
        </test-method> <!-- adminlogTest -->
        <test-method is-config="true" signature="quitDriver()[pri:0, instance:EbookTest.LoginAdminTest@6ab7a896]" started-at="2023-05-02T07:12:13 IST" name="quitDriver" finished-at="2023-05-02T07:12:13 IST" duration-ms="104" status="PASS">
          <reporter-output>
          </reporter-output>
        </test-method> <!-- quitDriver -->
      </class> <!-- EbookTest.LoginAdminTest -->
    </test> <!-- LoginAdminTesting -->
    <test started-at="2023-05-02T07:12:13 IST" name="OrderDtlTesting" finished-at="2023-05-02T07:12:20 IST" duration-ms="6836">
      <class name="EbookTest.AdminOrdersDetailTest">
        <test-method is-config="true" signature="setUpDriver()[pri:0, instance:EbookTest.AdminOrdersDetailTest@71c8becc]" started-at="2023-05-02T07:12:13 IST" name="setUpDriver" finished-at="2023-05-02T07:12:14 IST" duration-ms="401" status="PASS">
          <reporter-output>
          </reporter-output>
        </test-method> <!-- setUpDriver -->
        <test-method signature="userTest()[pri:0, instance:EbookTest.AdminOrdersDetailTest@71c8becc]" started-at="2023-05-02T07:12:14 IST" name="userTest" finished-at="2023-05-02T07:12:20 IST" duration-ms="6306" status="PASS">
          <reporter-output>
          </reporter-output>
        </test-method> <!-- userTest -->
        <test-method is-config="true" signature="quitDriver()[pri:0, instance:EbookTest.AdminOrdersDetailTest@71c8becc]" started-at="2023-05-02T07:12:20 IST" name="quitDriver" finished-at="2023-05-02T07:12:20 IST" duration-ms="128" status="PASS">
          <reporter-output>
          </reporter-output>
        </test-method> <!-- quitDriver -->
      </class> <!-- EbookTest.AdminOrdersDetailTest -->
    </test> <!-- OrderDtlTesting -->
  </suite> <!-- SeleniumTests -->
</testng-results>
