<?xml version="1.0" encoding="UTF-8"?>
<testng-results ignored="0" total="6" passed="6" failed="0" skipped="0">
  <reporter-output>
  </reporter-output>
  <suite started-at="2023-05-02T04:28:20 IST" name="SeleniumTests" finished-at="2023-05-02T04:28:56 IST" duration-ms="35812">
    <groups>
    </groups>
    <test started-at="2023-05-02T04:28:20 IST" name="HomeDTesting" finished-at="2023-05-02T04:28:27 IST" duration-ms="6888">
      <class name="EbookTest.HomeDetailTest">
        <test-method is-config="true" signature="setUpDriver()[pri:0, instance:EbookTest.HomeDetailTest@52e677af]" started-at="2023-05-02T04:28:21 IST" name="setUpDriver" finished-at="2023-05-02T04:28:22 IST" duration-ms="1210" status="PASS">
          <reporter-output>
          </reporter-output>
        </test-method> <!-- setUpDriver -->
        <test-method signature="detailTest()[pri:0, instance:EbookTest.HomeDetailTest@52e677af]" started-at="2023-05-02T04:28:22 IST" name="detailTest" finished-at="2023-05-02T04:28:27 IST" duration-ms="5444" status="PASS">
          <reporter-output>
          </reporter-output>
        </test-method> <!-- detailTest -->
        <test-method is-config="true" signature="quitDriver()[pri:0, instance:EbookTest.HomeDetailTest@52e677af]" started-at="2023-05-02T04:28:27 IST" name="quitDriver" finished-at="2023-05-02T04:28:27 IST" duration-ms="171" status="PASS">
          <reporter-output>
          </reporter-output>
        </test-method> <!-- quitDriver -->
      </class> <!-- EbookTest.HomeDetailTest -->
    </test> <!-- HomeDTesting -->
    <test started-at="2023-05-02T04:28:27 IST" name="HomeCTesting" finished-at="2023-05-02T04:28:33 IST" duration-ms="5398">
      <class name="EbookTest.HomeCartTest">
        <test-method is-config="true" signature="setUpDriver()[pri:0, instance:EbookTest.HomeCartTest@f2f2cc1]" started-at="2023-05-02T04:28:27 IST" name="setUpDriver" finished-at="2023-05-02T04:28:28 IST" duration-ms="502" status="PASS">
          <reporter-output>
          </reporter-output>
        </test-method> <!-- setUpDriver -->
        <test-method signature="cartTest()[pri:0, instance:EbookTest.HomeCartTest@f2f2cc1]" started-at="2023-05-02T04:28:28 IST" name="cartTest" finished-at="2023-05-02T04:28:33 IST" duration-ms="4798" status="PASS">
          <reporter-output>
          </reporter-output>
        </test-method> <!-- cartTest -->
        <test-method is-config="true" signature="quitDriver()[pri:0, instance:EbookTest.HomeCartTest@f2f2cc1]" started-at="2023-05-02T04:28:33 IST" name="quitDriver" finished-at="2023-05-02T04:28:33 IST" duration-ms="97" status="PASS">
          <reporter-output>
          </reporter-output>
        </test-method> <!-- quitDriver -->
      </class> <!-- EbookTest.HomeCartTest -->
    </test> <!-- HomeCTesting -->
    <test started-at="2023-05-02T04:28:33 IST" name="RegisterTesting" finished-at="2023-05-02T04:28:38 IST" duration-ms="5607">
      <class name="EbookTest.RegisterTest">
        <test-method is-config="true" signature="setUpDriver()[pri:0, instance:EbookTest.RegisterTest@5ad851c9]" started-at="2023-05-02T04:28:33 IST" name="setUpDriver" finished-at="2023-05-02T04:28:33 IST" duration-ms="444" status="PASS">
          <reporter-output>
          </reporter-output>
        </test-method> <!-- setUpDriver -->
        <test-method signature="registerTest()[pri:0, instance:EbookTest.RegisterTest@5ad851c9]" started-at="2023-05-02T04:28:33 IST" name="registerTest" finished-at="2023-05-02T04:28:38 IST" duration-ms="5020" status="PASS">
          <reporter-output>
          </reporter-output>
        </test-method> <!-- registerTest -->
        <test-method is-config="true" signature="quitDriver()[pri:0, instance:EbookTest.RegisterTest@5ad851c9]" started-at="2023-05-02T04:28:38 IST" name="quitDriver" finished-at="2023-05-02T04:28:38 IST" duration-ms="141" status="PASS">
          <reporter-output>
          </reporter-output>
        </test-method> <!-- quitDriver -->
      </class> <!-- EbookTest.RegisterTest -->
    </test> <!-- RegisterTesting -->
    <test started-at="2023-05-02T04:28:38 IST" name="LoginUserTesting" finished-at="2023-05-02T04:28:45 IST" duration-ms="6103">
      <class name="EbookTest.LoginUserTest">
        <test-method is-config="true" signature="setUpDriver()[pri:0, instance:EbookTest.LoginUserTest@37e547da]" started-at="2023-05-02T04:28:38 IST" name="setUpDriver" finished-at="2023-05-02T04:28:39 IST" duration-ms="394" status="PASS">
          <reporter-output>
          </reporter-output>
        </test-method> <!-- setUpDriver -->
        <test-method signature="loginTest()[pri:0, instance:EbookTest.LoginUserTest@37e547da]" started-at="2023-05-02T04:28:39 IST" name="loginTest" finished-at="2023-05-02T04:28:44 IST" duration-ms="5557" status="PASS">
          <reporter-output>
          </reporter-output>
        </test-method> <!-- loginTest -->
        <test-method is-config="true" signature="quitDriver()[pri:0, instance:EbookTest.LoginUserTest@37e547da]" started-at="2023-05-02T04:28:44 IST" name="quitDriver" finished-at="2023-05-02T04:28:45 IST" duration-ms="151" status="PASS">
          <reporter-output>
          </reporter-output>
        </test-method> <!-- quitDriver -->
      </class> <!-- EbookTest.LoginUserTest -->
    </test> <!-- LoginUserTesting -->
    <test started-at="2023-05-02T04:28:45 IST" name="LoginAdminTesting" finished-at="2023-05-02T04:28:50 IST" duration-ms="5197">
      <class name="EbookTest.LoginAdminTest">
        <test-method is-config="true" signature="setUpDriver()[pri:0, instance:EbookTest.LoginAdminTest@6ab7a896]" started-at="2023-05-02T04:28:45 IST" name="setUpDriver" finished-at="2023-05-02T04:28:45 IST" duration-ms="458" status="PASS">
          <reporter-output>
          </reporter-output>
        </test-method> <!-- setUpDriver -->
        <test-method signature="adminlogTest()[pri:0, instance:EbookTest.LoginAdminTest@6ab7a896]" started-at="2023-05-02T04:28:45 IST" name="adminlogTest" finished-at="2023-05-02T04:28:50 IST" duration-ms="4628" status="PASS">
          <reporter-output>
          </reporter-output>
        </test-method> <!-- adminlogTest -->
        <test-method is-config="true" signature="quitDriver()[pri:0, instance:EbookTest.LoginAdminTest@6ab7a896]" started-at="2023-05-02T04:28:50 IST" name="quitDriver" finished-at="2023-05-02T04:28:50 IST" duration-ms="110" status="PASS">
          <reporter-output>
          </reporter-output>
        </test-method> <!-- quitDriver -->
      </class> <!-- EbookTest.LoginAdminTest -->
    </test> <!-- LoginAdminTesting -->
    <test started-at="2023-05-02T04:28:50 IST" name="OrderDtlTesting" finished-at="2023-05-02T04:28:56 IST" duration-ms="6565">
      <class name="EbookTest.AdminOrdersDetailTest">
        <test-method is-config="true" signature="setUpDriver()[pri:0, instance:EbookTest.AdminOrdersDetailTest@71c8becc]" started-at="2023-05-02T04:28:50 IST" name="setUpDriver" finished-at="2023-05-02T04:28:50 IST" duration-ms="467" status="PASS">
          <reporter-output>
          </reporter-output>
        </test-method> <!-- setUpDriver -->
        <test-method signature="userTest()[pri:0, instance:EbookTest.AdminOrdersDetailTest@71c8becc]" started-at="2023-05-02T04:28:50 IST" name="userTest" finished-at="2023-05-02T04:28:56 IST" duration-ms="5995" status="PASS">
          <reporter-output>
          </reporter-output>
        </test-method> <!-- userTest -->
        <test-method is-config="true" signature="quitDriver()[pri:0, instance:EbookTest.AdminOrdersDetailTest@71c8becc]" started-at="2023-05-02T04:28:56 IST" name="quitDriver" finished-at="2023-05-02T04:28:56 IST" duration-ms="102" status="PASS">
          <reporter-output>
          </reporter-output>
        </test-method> <!-- quitDriver -->
      </class> <!-- EbookTest.AdminOrdersDetailTest -->
    </test> <!-- OrderDtlTesting -->
  </suite> <!-- SeleniumTests -->
</testng-results>
