<?xml version="1.0" encoding="UTF-8"?>
<testng-results ignored="0" total="1" passed="1" failed="0" skipped="0">
  <reporter-output>
  </reporter-output>
  <suite started-at="2023-04-29T10:21:34 IST" name="SeleniumTests" finished-at="2023-04-29T10:21:40 IST" duration-ms="6412">
    <groups>
    </groups>
    <test started-at="2023-04-29T10:21:34 IST" name="HomeTesting" finished-at="2023-04-29T10:21:40 IST" duration-ms="6412">
      <class name="EbookTest.HomeTest">
        <test-method is-config="true" signature="setUpDriver()[pri:0, instance:EbookTest.HomeTest@8dbdac1]" started-at="2023-04-29T10:21:34 IST" name="setUpDriver" finished-at="2023-04-29T10:21:36 IST" duration-ms="2057" status="PASS">
          <reporter-output>
          </reporter-output>
        </test-method> <!-- setUpDriver -->
        <test-method signature="searchTest()[pri:0, instance:EbookTest.HomeTest@8dbdac1]" started-at="2023-04-29T10:21:36 IST" name="searchTest" finished-at="2023-04-29T10:21:40 IST" duration-ms="4142" status="PASS">
          <reporter-output>
          </reporter-output>
        </test-method> <!-- searchTest -->
        <test-method is-config="true" signature="quitDriver()[pri:0, instance:EbookTest.HomeTest@8dbdac1]" started-at="2023-04-29T10:21:40 IST" name="quitDriver" finished-at="2023-04-29T10:21:40 IST" duration-ms="166" status="PASS">
          <reporter-output>
          </reporter-output>
        </test-method> <!-- quitDriver -->
      </class> <!-- EbookTest.HomeTest -->
    </test> <!-- HomeTesting -->
  </suite> <!-- SeleniumTests -->
</testng-results>
