<?xml version="1.0" encoding="UTF-8"?>
<testng-results ignored="0" total="1" passed="1" failed="0" skipped="0">
  <reporter-output>
  </reporter-output>
  <suite started-at="2023-04-28T22:54:35 IST" name="Default suite" finished-at="2023-04-28T22:54:45 IST" duration-ms="9436">
    <groups>
    </groups>
    <test started-at="2023-04-28T22:54:35 IST" name="Default test" finished-at="2023-04-28T22:54:45 IST" duration-ms="9436">
      <class name="EbookTest.RegisterTest">
        <test-method is-config="true" signature="setUpDriver()[pri:0, instance:EbookTest.RegisterTest@399f45b1]" started-at="2023-04-28T22:54:35 IST" name="setUpDriver" finished-at="2023-04-28T22:54:38 IST" duration-ms="2549" status="PASS">
          <reporter-output>
          </reporter-output>
        </test-method> <!-- setUpDriver -->
        <test-method signature="searchTest()[pri:0, instance:EbookTest.RegisterTest@399f45b1]" started-at="2023-04-28T22:54:38 IST" name="searchTest" finished-at="2023-04-28T22:54:45 IST" duration-ms="6703" status="PASS">
          <reporter-output>
          </reporter-output>
        </test-method> <!-- searchTest -->
        <test-method is-config="true" signature="quitDriver()[pri:0, instance:EbookTest.RegisterTest@399f45b1]" started-at="2023-04-28T22:54:45 IST" name="quitDriver" finished-at="2023-04-28T22:54:45 IST" duration-ms="138" status="PASS">
          <reporter-output>
          </reporter-output>
        </test-method> <!-- quitDriver -->
      </class> <!-- EbookTest.RegisterTest -->
    </test> <!-- Default test -->
  </suite> <!-- Default suite -->
</testng-results>
