<?xml version="1.0" encoding="UTF-8"?>
<testng-results ignored="0" total="3" passed="3" failed="0" skipped="0">
  <reporter-output>
  </reporter-output>
  <suite started-at="2023-04-28T23:22:15 IST" name="SeleniumTests" finished-at="2023-04-28T23:22:34 IST" duration-ms="19746">
    <groups>
    </groups>
    <test started-at="2023-04-28T23:22:15 IST" name="RegisterTesting" finished-at="2023-04-28T23:22:22 IST" duration-ms="7440">
      <class name="EbookTest.RegisterTest">
        <test-method is-config="true" signature="setUpDriver()[pri:0, instance:EbookTest.RegisterTest@8dbdac1]" started-at="2023-04-28T23:22:15 IST" name="setUpDriver" finished-at="2023-04-28T23:22:17 IST" duration-ms="2532" status="PASS">
          <reporter-output>
          </reporter-output>
        </test-method> <!-- setUpDriver -->
        <test-method signature="searchTest()[pri:0, instance:EbookTest.RegisterTest@8dbdac1]" started-at="2023-04-28T23:22:17 IST" name="searchTest" finished-at="2023-04-28T23:22:22 IST" duration-ms="4690" status="PASS">
          <reporter-output>
          </reporter-output>
        </test-method> <!-- searchTest -->
        <test-method is-config="true" signature="quitDriver()[pri:0, instance:EbookTest.RegisterTest@8dbdac1]" started-at="2023-04-28T23:22:22 IST" name="quitDriver" finished-at="2023-04-28T23:22:22 IST" duration-ms="169" status="PASS">
          <reporter-output>
          </reporter-output>
        </test-method> <!-- quitDriver -->
      </class> <!-- EbookTest.RegisterTest -->
    </test> <!-- RegisterTesting -->
    <test started-at="2023-04-28T23:22:22 IST" name="LoginAdminTesting" finished-at="2023-04-28T23:22:28 IST" duration-ms="6373">
      <class name="EbookTest.LoginAdminTest">
        <test-method is-config="true" signature="setUpDriver()[pri:0, instance:EbookTest.LoginAdminTest@74fe5c40]" started-at="2023-04-28T23:22:22 IST" name="setUpDriver" finished-at="2023-04-28T23:22:24 IST" duration-ms="1810" status="PASS">
          <reporter-output>
          </reporter-output>
        </test-method> <!-- setUpDriver -->
        <test-method signature="searchTest()[pri:0, instance:EbookTest.LoginAdminTest@74fe5c40]" started-at="2023-04-28T23:22:24 IST" name="searchTest" finished-at="2023-04-28T23:22:28 IST" duration-ms="4405" status="PASS">
          <reporter-output>
          </reporter-output>
        </test-method> <!-- searchTest -->
        <test-method is-config="true" signature="quitDriver()[pri:0, instance:EbookTest.LoginAdminTest@74fe5c40]" started-at="2023-04-28T23:22:28 IST" name="quitDriver" finished-at="2023-04-28T23:22:28 IST" duration-ms="156" status="PASS">
          <reporter-output>
          </reporter-output>
        </test-method> <!-- quitDriver -->
      </class> <!-- EbookTest.LoginAdminTest -->
    </test> <!-- LoginAdminTesting -->
    <test started-at="2023-04-28T23:22:28 IST" name="LoginUserTesting" finished-at="2023-04-28T23:22:34 IST" duration-ms="5896">
      <class name="EbookTest.LoginUserTest">
        <test-method is-config="true" signature="setUpDriver()[pri:0, instance:EbookTest.LoginUserTest@158d2680]" started-at="2023-04-28T23:22:28 IST" name="setUpDriver" finished-at="2023-04-28T23:22:30 IST" duration-ms="1492" status="PASS">
          <reporter-output>
          </reporter-output>
        </test-method> <!-- setUpDriver -->
        <test-method signature="searchTest()[pri:0, instance:EbookTest.LoginUserTest@158d2680]" started-at="2023-04-28T23:22:30 IST" name="searchTest" finished-at="2023-04-28T23:22:34 IST" duration-ms="4244" status="PASS">
          <reporter-output>
          </reporter-output>
        </test-method> <!-- searchTest -->
        <test-method is-config="true" signature="quitDriver()[pri:0, instance:EbookTest.LoginUserTest@158d2680]" started-at="2023-04-28T23:22:34 IST" name="quitDriver" finished-at="2023-04-28T23:22:34 IST" duration-ms="156" status="PASS">
          <reporter-output>
          </reporter-output>
        </test-method> <!-- quitDriver -->
      </class> <!-- EbookTest.LoginUserTest -->
    </test> <!-- LoginUserTesting -->
  </suite> <!-- SeleniumTests -->
</testng-results>
